Started by user [8mha:////4Dta+V6pPCd2bQXU7xodkoAapf5AUbFr+iWvs1gFwt+2AAAAlx+LCAAAAAAAAP9b85aBtbiIQTGjNKU4P08vOT+vOD8nVc83PyU1x6OyILUoJzMv2y+/JJUBAhiZGBgqihhk0NSjKDWzXb3RdlLBUSYGJk8GtpzUvPSSDB8G5tKinBIGIZ+sxLJE/ZzEvHT94JKizLx0a6BxUmjGOUNodHsLgAyOEgZu/dLi1CL9xJTczDwAg9OS0cAAAAA=[0mMohanraj
Running as SYSTEM
Building in workspace /Users/mohanrajmathavan/.jenkins/workspace/BootCamp/SimplePlainExecution/WebTest
No credentials specified
Cloning the remote Git repository
Cloning repository https://github.com/TechnologyBootCamps/functional-assurance
 > git init /Users/mohanrajmathavan/.jenkins/workspace/BootCamp/SimplePlainExecution/WebTest # timeout=10
Fetching upstream changes from https://github.com/TechnologyBootCamps/functional-assurance
 > git --version # timeout=10
 > git --version # 'git version 2.21.1 (Apple Git-122.3)'
 > git fetch --tags --force --progress -- https://github.com/TechnologyBootCamps/functional-assurance +refs/heads/*:refs/remotes/origin/* # timeout=10
 > git config remote.origin.url https://github.com/TechnologyBootCamps/functional-assurance # timeout=10
 > git config --add remote.origin.fetch +refs/heads/*:refs/remotes/origin/* # timeout=10
 > git config remote.origin.url https://github.com/TechnologyBootCamps/functional-assurance # timeout=10
Fetching upstream changes from https://github.com/TechnologyBootCamps/functional-assurance
 > git fetch --tags --force --progress -- https://github.com/TechnologyBootCamps/functional-assurance +refs/heads/*:refs/remotes/origin/* # timeout=10
 > git rev-parse refs/remotes/origin/master^{commit} # timeout=10
 > git rev-parse refs/remotes/origin/origin/master^{commit} # timeout=10
Checking out Revision 15592c90b4af1a3ed3de214023f4a9ec764d386d (refs/remotes/origin/master)
 > git config core.sparsecheckout # timeout=10
 > git checkout -f 15592c90b4af1a3ed3de214023f4a9ec764d386d # timeout=10
Commit message: "Refactoring Code"
First time build. Skipping changelog.
[WebTest] $ /bin/sh -xe /var/folders/gk/9rlzqfcd3933kcmb9mtswrk40000gp/T/jenkins9392184481499848435.sh
+ mvn clean test '-Dcucumber.options=--tags '\''@UITest and @Smoke'\''' -DexecutionPlatform=LOCAL_CHROME
[INFO] Scanning for projects...
[INFO] 
[INFO] ---------< org.example:awsworkshop_test_functional_assurance >----------
[INFO] Building awsworkshop_test_functional_assurance 1.0-SNAPSHOT
[INFO] --------------------------------[ jar ]---------------------------------
[INFO] 
[INFO] --- maven-clean-plugin:2.5:clean (default-clean) @ awsworkshop_test_functional_assurance ---
[INFO] 
[INFO] --- maven-resources-plugin:2.6:resources (default-resources) @ awsworkshop_test_functional_assurance ---
[WARNING] Using platform encoding (UTF-8 actually) to copy filtered resources, i.e. build is platform dependent!
[INFO] skip non existing resourceDirectory /Users/mohanrajmathavan/.jenkins/workspace/BootCamp/SimplePlainExecution/WebTest/src/main/resources
[INFO] 
[INFO] --- maven-compiler-plugin:3.1:compile (default-compile) @ awsworkshop_test_functional_assurance ---
[INFO] No sources to compile
[INFO] 
[INFO] --- maven-resources-plugin:2.6:testResources (default-testResources) @ awsworkshop_test_functional_assurance ---
[WARNING] Using platform encoding (UTF-8 actually) to copy filtered resources, i.e. build is platform dependent!
[INFO] Copying 11 resources
[INFO] 
[INFO] --- maven-compiler-plugin:3.1:testCompile (default-testCompile) @ awsworkshop_test_functional_assurance ---
[INFO] Changes detected - recompiling the module!
[INFO] Compiling 12 source files to /Users/mohanrajmathavan/.jenkins/workspace/BootCamp/SimplePlainExecution/WebTest/target/test-classes
[INFO] -------------------------------------------------------------
[ERROR] COMPILATION ERROR : 
[INFO] -------------------------------------------------------------
[ERROR] /Users/mohanrajmathavan/.jenkins/workspace/BootCamp/SimplePlainExecution/WebTest/src/test/java/framework/WebDriverFactory.java:[42,65] incompatible types: java.lang.String cannot be converted to java.net.URL
[ERROR] /Users/mohanrajmathavan/.jenkins/workspace/BootCamp/SimplePlainExecution/WebTest/src/test/java/framework/WebDriverFactory.java:[53,76] cannot find symbol
  symbol:   variable mobileEmulation
  location: class framework.WebDriverFactory
[ERROR] /Users/mohanrajmathavan/.jenkins/workspace/BootCamp/SimplePlainExecution/WebTest/src/test/java/framework/WebDriverFactory.java:[65,76] cannot find symbol
  symbol:   variable mobileEmulation
  location: class framework.WebDriverFactory
[INFO] 3 errors 
[INFO] -------------------------------------------------------------
[INFO] ------------------------------------------------------------------------
[INFO] BUILD FAILURE
[INFO] ------------------------------------------------------------------------
[INFO] Total time:  4.166 s
[INFO] Finished at: 2020-08-14T00:41:35+05:30
[INFO] ------------------------------------------------------------------------
[ERROR] Failed to execute goal org.apache.maven.plugins:maven-compiler-plugin:3.1:testCompile (default-testCompile) on project awsworkshop_test_functional_assurance: Compilation failure: Compilation failure: 
[ERROR] /Users/mohanrajmathavan/.jenkins/workspace/BootCamp/SimplePlainExecution/WebTest/src/test/java/framework/WebDriverFactory.java:[42,65] incompatible types: java.lang.String cannot be converted to java.net.URL
[ERROR] /Users/mohanrajmathavan/.jenkins/workspace/BootCamp/SimplePlainExecution/WebTest/src/test/java/framework/WebDriverFactory.java:[53,76] cannot find symbol
[ERROR]   symbol:   variable mobileEmulation
[ERROR]   location: class framework.WebDriverFactory
[ERROR] /Users/mohanrajmathavan/.jenkins/workspace/BootCamp/SimplePlainExecution/WebTest/src/test/java/framework/WebDriverFactory.java:[65,76] cannot find symbol
[ERROR]   symbol:   variable mobileEmulation
[ERROR]   location: class framework.WebDriverFactory
[ERROR] -> [Help 1]
[ERROR] 
[ERROR] To see the full stack trace of the errors, re-run Maven with the -e switch.
[ERROR] Re-run Maven using the -X switch to enable full debug logging.
[ERROR] 
[ERROR] For more information about the errors and possible solutions, please read the following articles:
[ERROR] [Help 1] http://cwiki.apache.org/confluence/display/MAVEN/MojoFailureException
Build step 'Execute shell' marked build as failure
Finished: FAILURE
